Using pre-set license
Built from '2020.2/release' branch; Version is '2020.2.1f1 (270dd8c3da1c) revision 2559448'; Using compiler version '192528614'; Build Type 'Release'
OS: 'Windows 10  (10.0.0) 64bit' Language: 'fr' Physical Memory: 16222 MB
BatchMode: 1, IsHumanControllingUs: 0, StartBugReporterOnCrash: 0, Is64bit: 1, IsPro: 0

 COMMAND LINE ARGUMENTS:
C:\Program Files\Unity\Hub\Editor\2020.2.1f1\Editor\Unity.exe
-adb2
-batchMode
-noUpm
-name
AssetImportWorker0
-projectPath
D:/Ecole/Code/C_SHARP/TowerDefense/TowerDefense
-logFile
Logs/AssetImportWorker0.log
-srvPort
54658
Successfully changed project path to: D:/Ecole/Code/C_SHARP/TowerDefense/TowerDefense
D:/Ecole/Code/C_SHARP/TowerDefense/TowerDefense
Using Asset Import Pipeline V2.
Refreshing native plugins compatible for Editor in 28.39 ms, found 1 plugins.
Preloading 0 native plugins for Editor in 0.00 ms.
Initialize engine version: 2020.2.1f1 (270dd8c3da1c)
[Subsystems] Discovering subsystems at path C:/Program Files/Unity/Hub/Editor/2020.2.1f1/Editor/Data/Resources/UnitySubsystems
[Subsystems] Discovering subsystems at path D:/Ecole/Code/C_SHARP/TowerDefense/TowerDefense/Assets
GfxDevice: creating device client; threaded=0
Direct3D:
    Version:  Direct3D 11.0 [level 11.1]
    Renderer: NVIDIA GeForce RTX 2070 Super with Max-Q Design (ID=0x1ed1)
    Vendor:   
    VRAM:     8011 MB
    Driver:   30.0.14.7111
Initialize mono
Mono path[0] = 'C:/Program Files/Unity/Hub/Editor/2020.2.1f1/Editor/Data/Managed'
Mono path[1] = 'C:/Program Files/Unity/Hub/Editor/2020.2.1f1/Editor/Data/MonoBleedingEdge/lib/mono/unityjit'
Mono config path = 'C:/Program Files/Unity/Hub/Editor/2020.2.1f1/Editor/Data/MonoBleedingEdge/etc'
Using monoOptions --debugger-agent=transport=dt_socket,embedding=1,server=y,suspend=n,address=127.0.0.1:56004
Begin MonoManager ReloadAssembly
Registering precompiled unity dll's ...
Register platform support module: C:/Program Files/Unity/Hub/Editor/2020.2.1f1/Editor/Data/PlaybackEngines/WindowsStandaloneSupport/UnityEditor.WindowsStandalone.Extensions.dll
Registered in 0.001654 seconds.
Native extension for WindowsStandalone target not found
Refreshing native plugins compatible for Editor in 27.74 ms, found 1 plugins.
Preloading 0 native plugins for Editor in 0.00 ms.
Invoked RoslynAnalysisRunner static constructor.
RoslynAnalysisRunner will not be running.
RoslynAnalysisRunner has terminated.
Mono: successfully reloaded assembly
- Completed reload, in  2.011 seconds
Platform modules already initialized, skipping
Registering precompiled user dll's ...
Registered in 0.000664 seconds.
Begin MonoManager ReloadAssembly
Native extension for WindowsStandalone target not found
Refreshing native plugins compatible for Editor in 28.96 ms, found 1 plugins.
Preloading 0 native plugins for Editor in 0.00 ms.
Invoked RoslynAnalysisRunner static constructor.
RoslynAnalysisRunner will not be running.
RoslynAnalysisRunner has terminated.
Mono: successfully reloaded assembly
- Completed reload, in  0.751 seconds
Platform modules already initialized, skipping
========================================================================
Worker process is ready to serve import requests
Launched and connected shader compiler UnityShaderCompiler.exe after 0.03 seconds
Refreshing native plugins compatible for Editor in 0.30 ms, found 1 plugins.
Preloading 0 native plugins for Editor in 0.00 ms.
Unloading 1791 Unused Serialized files (Serialized files now loaded: 0)
System memory in use before: 83.6 MB.
System memory in use after: 83.6 MB.

Unloading 24 unused Assets to reduce memory usage. Loaded Objects now: 2230.
Total: 2.515600 ms (FindLiveObjects: 0.427200 ms CreateObjectMapping: 0.143500 ms MarkObjects: 1.803600 ms  DeleteObjects: 0.118100 ms)

========================================================================
Received Import Request.
  path: Assets/Scripts/Tower.cs
  artifactKey: Guid(9fd09e7a1c7c20b49b504e68d36b56c2) Importer(815301076,1909f56bfc062723c751e8b465ee728b)
Start importing Assets/Scripts/Tower.cs using Guid(9fd09e7a1c7c20b49b504e68d36b56c2) Importer(815301076,1909f56bfc062723c751e8b465ee728b)  -> (artifact id: '89051beb1a702fdb1e4da924454d6f1d') in 0.015342 seconds
  Import took 0.140127 seconds .

========================================================================
Received Import Request.
  Time since last request: 88.755696 seconds.
  path: Assets/Scripts/Tower.cs
  artifactKey: Guid(9fd09e7a1c7c20b49b504e68d36b56c2) Importer(815301076,1909f56bfc062723c751e8b465ee728b)
Start importing Assets/Scripts/Tower.cs using Guid(9fd09e7a1c7c20b49b504e68d36b56c2) Importer(815301076,1909f56bfc062723c751e8b465ee728b)  -> (artifact id: '928b92f36ccea325b9929342bed33b25') in 0.001970 seconds
  Import took 0.004771 seconds .

========================================================================
Received Prepare
Registering precompiled user dll's ...
Registered in 0.000683 seconds.
Begin MonoManager ReloadAssembly
Native extension for WindowsStandalone target not found
Refreshing native plugins compatible for Editor in 0.30 ms, found 1 plugins.
Preloading 0 native plugins for Editor in 0.00 ms.
Invoked RoslynAnalysisRunner static constructor.
RoslynAnalysisRunner will not be running.
RoslynAnalysisRunner has terminated.
Mono: successfully reloaded assembly
- Completed reload, in  0.681 seconds
Platform modules already initialized, skipping
Refreshing native plugins compatible for Editor in 0.29 ms, found 1 plugins.
Preloading 0 native plugins for Editor in 0.00 ms.
Unloading 1786 Unused Serialized files (Serialized files now loaded: 0)
System memory in use before: 83.7 MB.
System memory in use after: 83.7 MB.

Unloading 12 unused Assets to reduce memory usage. Loaded Objects now: 2233.
Total: 1.564800 ms (FindLiveObjects: 0.166500 ms CreateObjectMapping: 0.051300 ms MarkObjects: 1.229800 ms  DeleteObjects: 0.116300 ms)

========================================================================
Received Prepare
Registering precompiled user dll's ...
Registered in 0.000756 seconds.
Begin MonoManager ReloadAssembly
Native extension for WindowsStandalone target not found
Refreshing native plugins compatible for Editor in 0.30 ms, found 1 plugins.
Preloading 0 native plugins for Editor in 0.00 ms.
Invoked RoslynAnalysisRunner static constructor.
RoslynAnalysisRunner will not be running.
RoslynAnalysisRunner has terminated.
Mono: successfully reloaded assembly
- Completed reload, in  0.698 seconds
Platform modules already initialized, skipping
Refreshing native plugins compatible for Editor in 0.31 ms, found 1 plugins.
Preloading 0 native plugins for Editor in 0.00 ms.
Unloading 1786 Unused Serialized files (Serialized files now loaded: 0)
System memory in use before: 83.7 MB.
System memory in use after: 83.7 MB.

Unloading 12 unused Assets to reduce memory usage. Loaded Objects now: 2236.
Total: 2.267300 ms (FindLiveObjects: 0.332200 ms CreateObjectMapping: 0.056500 ms MarkObjects: 1.800200 ms  DeleteObjects: 0.077500 ms)

========================================================================
Received Prepare
Registering precompiled user dll's ...
Registered in 0.001069 seconds.
Begin MonoManager ReloadAssembly
Native extension for WindowsStandalone target not found
Refreshing native plugins compatible for Editor in 0.37 ms, found 1 plugins.
Preloading 0 native plugins for Editor in 0.00 ms.
Invoked RoslynAnalysisRunner static constructor.
RoslynAnalysisRunner will not be running.
RoslynAnalysisRunner has terminated.
Mono: successfully reloaded assembly
- Completed reload, in  0.720 seconds
Platform modules already initialized, skipping
Refreshing native plugins compatible for Editor in 0.33 ms, found 1 plugins.
Preloading 0 native plugins for Editor in 0.00 ms.
Unloading 1786 Unused Serialized files (Serialized files now loaded: 0)
System memory in use before: 83.8 MB.
System memory in use after: 83.8 MB.

Unloading 12 unused Assets to reduce memory usage. Loaded Objects now: 2239.
Total: 1.852100 ms (FindLiveObjects: 0.154900 ms CreateObjectMapping: 0.063300 ms MarkObjects: 1.494900 ms  DeleteObjects: 0.138300 ms)

========================================================================
Received Import Request.
  Time since last request: 1470.185833 seconds.
  path: Assets/Scripts/Tower.cs
  artifactKey: Guid(9fd09e7a1c7c20b49b504e68d36b56c2) Importer(815301076,1909f56bfc062723c751e8b465ee728b)
Start importing Assets/Scripts/Tower.cs using Guid(9fd09e7a1c7c20b49b504e68d36b56c2) Importer(815301076,1909f56bfc062723c751e8b465ee728b)  -> (artifact id: 'fbaf13ddeb48e4c8ee4d0bd50aaed6e9') in 0.003828 seconds
  Import took 0.006057 seconds .

========================================================================
Received Import Request.
  Time since last request: 9.002054 seconds.
  path: Assets/Scripts/Timer.cs
  artifactKey: Guid(9d4a67dc9c48f674397f62ab99f956ae) Importer(815301076,1909f56bfc062723c751e8b465ee728b)
Start importing Assets/Scripts/Timer.cs using Guid(9d4a67dc9c48f674397f62ab99f956ae) Importer(815301076,1909f56bfc062723c751e8b465ee728b)  -> (artifact id: '76cd368ee7a17508e9c0ea95898b50c0') in 0.002155 seconds
  Import took 0.004878 seconds .

========================================================================
Received Prepare
Registering precompiled user dll's ...
Registered in 0.000863 seconds.
Begin MonoManager ReloadAssembly
Native extension for WindowsStandalone target not found
Refreshing native plugins compatible for Editor in 0.29 ms, found 1 plugins.
Preloading 0 native plugins for Editor in 0.00 ms.
Invoked RoslynAnalysisRunner static constructor.
RoslynAnalysisRunner will not be running.
RoslynAnalysisRunner has terminated.
Mono: successfully reloaded assembly
- Completed reload, in  0.707 seconds
Platform modules already initialized, skipping
Refreshing native plugins compatible for Editor in 0.29 ms, found 1 plugins.
Preloading 0 native plugins for Editor in 0.00 ms.
Unloading 1787 Unused Serialized files (Serialized files now loaded: 0)
System memory in use before: 83.9 MB.
System memory in use after: 83.9 MB.

Unloading 12 unused Assets to reduce memory usage. Loaded Objects now: 2243.
Total: 1.857800 ms (FindLiveObjects: 0.286000 ms CreateObjectMapping: 0.107100 ms MarkObjects: 1.386500 ms  DeleteObjects: 0.076800 ms)

========================================================================
Received Import Request.
  Time since last request: 2200.659738 seconds.
  path: Assets/Scripts/Timer.cs
  artifactKey: Guid(9d4a67dc9c48f674397f62ab99f956ae) Importer(815301076,1909f56bfc062723c751e8b465ee728b)
Start importing Assets/Scripts/Timer.cs using Guid(9d4a67dc9c48f674397f62ab99f956ae) Importer(815301076,1909f56bfc062723c751e8b465ee728b)  -> (artifact id: '84c9b7c9a9c073c20c3e5a8d4a8111a4') in 0.003826 seconds
  Import took 0.006329 seconds .

========================================================================
Received Import Request.
  Time since last request: 27.503096 seconds.
  path: Assets/Scripts/UIScript.cs
  artifactKey: Guid(c5d8bef8711a739478e146bde74ff494) Importer(815301076,1909f56bfc062723c751e8b465ee728b)
Start importing Assets/Scripts/UIScript.cs using Guid(c5d8bef8711a739478e146bde74ff494) Importer(815301076,1909f56bfc062723c751e8b465ee728b)  -> (artifact id: '9d47b81411d4e5723378cc2f52a6a825') in 0.002474 seconds
  Import took 0.004894 seconds .

========================================================================
Received Prepare
Registering precompiled user dll's ...
Registered in 0.000890 seconds.
Begin MonoManager ReloadAssembly
Native extension for WindowsStandalone target not found
Refreshing native plugins compatible for Editor in 0.32 ms, found 1 plugins.
Preloading 0 native plugins for Editor in 0.00 ms.
Invoked RoslynAnalysisRunner static constructor.
RoslynAnalysisRunner will not be running.
RoslynAnalysisRunner has terminated.
Mono: successfully reloaded assembly
- Completed reload, in  0.696 seconds
Platform modules already initialized, skipping
Refreshing native plugins compatible for Editor in 0.29 ms, found 1 plugins.
Preloading 0 native plugins for Editor in 0.00 ms.
Unloading 1788 Unused Serialized files (Serialized files now loaded: 0)
System memory in use before: 84.0 MB.
System memory in use after: 84.0 MB.

Unloading 12 unused Assets to reduce memory usage. Loaded Objects now: 2247.
Total: 2.124800 ms (FindLiveObjects: 0.535300 ms CreateObjectMapping: 0.155200 ms MarkObjects: 1.362000 ms  DeleteObjects: 0.071400 ms)

========================================================================
Received Prepare
Registering precompiled user dll's ...
Registered in 0.001299 seconds.
Begin MonoManager ReloadAssembly
Native extension for WindowsStandalone target not found
Refreshing native plugins compatible for Editor in 0.30 ms, found 1 plugins.
Preloading 0 native plugins for Editor in 0.00 ms.
Invoked RoslynAnalysisRunner static constructor.
RoslynAnalysisRunner will not be running.
RoslynAnalysisRunner has terminated.
Mono: successfully reloaded assembly
- Completed reload, in  0.701 seconds
Platform modules already initialized, skipping
Refreshing native plugins compatible for Editor in 0.32 ms, found 1 plugins.
Preloading 0 native plugins for Editor in 0.00 ms.
Unloading 1788 Unused Serialized files (Serialized files now loaded: 0)
System memory in use before: 84.1 MB.
System memory in use after: 84.1 MB.

Unloading 12 unused Assets to reduce memory usage. Loaded Objects now: 2250.
Total: 2.089900 ms (FindLiveObjects: 0.293400 ms CreateObjectMapping: 0.191300 ms MarkObjects: 1.531600 ms  DeleteObjects: 0.072700 ms)

========================================================================
Received Import Request.
  Time since last request: 876.829201 seconds.
  path: Assets/Scripts/MainTower.cs
  artifactKey: Guid(9c3578a9aaa29cf49a311fb72934af01) Importer(815301076,1909f56bfc062723c751e8b465ee728b)
Start importing Assets/Scripts/MainTower.cs using Guid(9c3578a9aaa29cf49a311fb72934af01) Importer(815301076,1909f56bfc062723c751e8b465ee728b)  -> (artifact id: 'c93bbcafa6c0d105be6b96befed11fa6') in 0.003909 seconds
  Import took 0.006212 seconds .

========================================================================
Received Prepare
Registering precompiled user dll's ...
Registered in 0.001423 seconds.
Begin MonoManager ReloadAssembly
Native extension for WindowsStandalone target not found
Refreshing native plugins compatible for Editor in 0.29 ms, found 1 plugins.
Preloading 0 native plugins for Editor in 0.00 ms.
Invoked RoslynAnalysisRunner static constructor.
RoslynAnalysisRunner will not be running.
RoslynAnalysisRunner has terminated.
Mono: successfully reloaded assembly
- Completed reload, in  0.709 seconds
Platform modules already initialized, skipping
Refreshing native plugins compatible for Editor in 0.30 ms, found 1 plugins.
Preloading 0 native plugins for Editor in 0.00 ms.
Unloading 1788 Unused Serialized files (Serialized files now loaded: 0)
System memory in use before: 84.1 MB.
System memory in use after: 84.1 MB.

Unloading 12 unused Assets to reduce memory usage. Loaded Objects now: 2253.
Total: 1.643500 ms (FindLiveObjects: 0.153800 ms CreateObjectMapping: 0.060800 ms MarkObjects: 1.295100 ms  DeleteObjects: 0.132800 ms)

========================================================================
Received Import Request.
  Time since last request: 214.260263 seconds.
  path: Assets/Scripts/MainTower.cs
  artifactKey: Guid(9c3578a9aaa29cf49a311fb72934af01) Importer(815301076,1909f56bfc062723c751e8b465ee728b)
Start importing Assets/Scripts/MainTower.cs using Guid(9c3578a9aaa29cf49a311fb72934af01) Importer(815301076,1909f56bfc062723c751e8b465ee728b)  -> (artifact id: '263335e3d7a824c9292df3479220c982') in 0.003646 seconds
  Import took 0.005814 seconds .

========================================================================
Received Prepare
Registering precompiled user dll's ...
Registered in 0.000810 seconds.
Begin MonoManager ReloadAssembly
Native extension for WindowsStandalone target not found
Refreshing native plugins compatible for Editor in 0.31 ms, found 1 plugins.
Preloading 0 native plugins for Editor in 0.00 ms.
Invoked RoslynAnalysisRunner static constructor.
RoslynAnalysisRunner will not be running.
RoslynAnalysisRunner has terminated.
Mono: successfully reloaded assembly
- Completed reload, in  0.710 seconds
Platform modules already initialized, skipping
Refreshing native plugins compatible for Editor in 0.29 ms, found 1 plugins.
Preloading 0 native plugins for Editor in 0.00 ms.
Unloading 1788 Unused Serialized files (Serialized files now loaded: 0)
System memory in use before: 84.2 MB.
System memory in use after: 84.2 MB.

Unloading 12 unused Assets to reduce memory usage. Loaded Objects now: 2256.
Total: 1.746400 ms (FindLiveObjects: 0.219700 ms CreateObjectMapping: 0.055700 ms MarkObjects: 1.398800 ms  DeleteObjects: 0.071500 ms)

========================================================================
Received Import Request.
  Time since last request: 153.565533 seconds.
  path: Assets/Scripts/SecondaryTower.cs
  artifactKey: Guid(464da36033f09f041877a901b13d2d28) Importer(815301076,1909f56bfc062723c751e8b465ee728b)
Start importing Assets/Scripts/SecondaryTower.cs using Guid(464da36033f09f041877a901b13d2d28) Importer(815301076,1909f56bfc062723c751e8b465ee728b)  -> (artifact id: 'f7a82ccf4b0d418f5ffa7ab95d1cafe5') in 0.003987 seconds
  Import took 0.006432 seconds .

========================================================================
Received Prepare
Registering precompiled user dll's ...
Registered in 0.000846 seconds.
Begin MonoManager ReloadAssembly
Native extension for WindowsStandalone target not found
Refreshing native plugins compatible for Editor in 0.31 ms, found 1 plugins.
Preloading 0 native plugins for Editor in 0.00 ms.
Invoked RoslynAnalysisRunner static constructor.
RoslynAnalysisRunner will not be running.
RoslynAnalysisRunner has terminated.
Mono: successfully reloaded assembly
- Completed reload, in  0.730 seconds
Platform modules already initialized, skipping
Refreshing native plugins compatible for Editor in 0.33 ms, found 1 plugins.
Preloading 0 native plugins for Editor in 0.00 ms.
Unloading 1789 Unused Serialized files (Serialized files now loaded: 0)
System memory in use before: 84.3 MB.
System memory in use after: 84.3 MB.

Unloading 12 unused Assets to reduce memory usage. Loaded Objects now: 2260.
Total: 1.832100 ms (FindLiveObjects: 0.245300 ms CreateObjectMapping: 0.074100 ms MarkObjects: 1.437400 ms  DeleteObjects: 0.074100 ms)

========================================================================
Received Import Request.
  Time since last request: 146.169191 seconds.
  path: Assets/Scripts/SecondaryTower.cs
  artifactKey: Guid(464da36033f09f041877a901b13d2d28) Importer(815301076,1909f56bfc062723c751e8b465ee728b)
Start importing Assets/Scripts/SecondaryTower.cs using Guid(464da36033f09f041877a901b13d2d28) Importer(815301076,1909f56bfc062723c751e8b465ee728b)  -> (artifact id: '4d3e4e360c1870f2a49419c26df7e760') in 0.003758 seconds
  Import took 0.005776 seconds .

========================================================================
Received Import Request.
  Time since last request: 82.376747 seconds.
  path: Assets/Scripts/GameUI.cs
  artifactKey: Guid(c5d8bef8711a739478e146bde74ff494) Importer(815301076,1909f56bfc062723c751e8b465ee728b)
Start importing Assets/Scripts/GameUI.cs using Guid(c5d8bef8711a739478e146bde74ff494) Importer(815301076,1909f56bfc062723c751e8b465ee728b)  -> (artifact id: '690f60745c3a4d146a2d3a8fe45bd43d') in 0.002293 seconds
  Import took 0.004744 seconds .

========================================================================
Received Import Request.
  Time since last request: 0.000330 seconds.
  path: Assets/Scripts/GameUI.cs
  artifactKey: Guid(c5d8bef8711a739478e146bde74ff494) Importer(815301076,1909f56bfc062723c751e8b465ee728b)
Start importing Assets/Scripts/GameUI.cs using Guid(c5d8bef8711a739478e146bde74ff494) Importer(815301076,1909f56bfc062723c751e8b465ee728b)  -> (artifact id: '690f60745c3a4d146a2d3a8fe45bd43d') in 0.001512 seconds
  Import took 0.003741 seconds .

========================================================================
Received Prepare
Registering precompiled user dll's ...
Registered in 0.000895 seconds.
Begin MonoManager ReloadAssembly
Native extension for WindowsStandalone target not found
Refreshing native plugins compatible for Editor in 0.30 ms, found 1 plugins.
Preloading 0 native plugins for Editor in 0.00 ms.
Invoked RoslynAnalysisRunner static constructor.
RoslynAnalysisRunner will not be running.
RoslynAnalysisRunner has terminated.
Mono: successfully reloaded assembly
- Completed reload, in  0.706 seconds
Platform modules already initialized, skipping
Refreshing native plugins compatible for Editor in 0.30 ms, found 1 plugins.
Preloading 0 native plugins for Editor in 0.00 ms.
Unloading 1789 Unused Serialized files (Serialized files now loaded: 0)
System memory in use before: 84.3 MB.
System memory in use after: 84.3 MB.

Unloading 12 unused Assets to reduce memory usage. Loaded Objects now: 2263.
Total: 1.697800 ms (FindLiveObjects: 0.178300 ms CreateObjectMapping: 0.108000 ms MarkObjects: 1.331500 ms  DeleteObjects: 0.078900 ms)

========================================================================
Received Prepare
Registering precompiled user dll's ...
Registered in 0.000928 seconds.
Begin MonoManager ReloadAssembly
Native extension for WindowsStandalone target not found
Refreshing native plugins compatible for Editor in 0.32 ms, found 1 plugins.
Preloading 0 native plugins for Editor in 0.00 ms.
Invoked RoslynAnalysisRunner static constructor.
RoslynAnalysisRunner will not be running.
RoslynAnalysisRunner has terminated.
Mono: successfully reloaded assembly
- Completed reload, in  0.730 seconds
Platform modules already initialized, skipping
Refreshing native plugins compatible for Editor in 0.31 ms, found 1 plugins.
Preloading 0 native plugins for Editor in 0.00 ms.
Unloading 1789 Unused Serialized files (Serialized files now loaded: 0)
System memory in use before: 84.4 MB.
System memory in use after: 84.4 MB.

Unloading 12 unused Assets to reduce memory usage. Loaded Objects now: 2266.
Total: 2.673900 ms (FindLiveObjects: 0.582500 ms CreateObjectMapping: 0.236500 ms MarkObjects: 1.747300 ms  DeleteObjects: 0.106700 ms)

